<?xml version="1.0" encoding="UTF-8"?>
<!-- Generated by org.testng.reporters.JUnitReportReporter -->
<testsuite skipped="0" hostname="LAPTOP-9657AS0N" name="test.ProductSpectrum" tests="1" failures="0" timestamp="11 三月 2019 14:18:16 GMT" time="106.222" errors="0">
  <testcase name="ProductSpectrumManagement" time="106.222" classname="test.ProductSpectrum"/>
</testsuite> <!-- test.ProductSpectrum -->
