<?xml version="1.0" encoding="UTF-8"?>
<!-- Generated by org.testng.reporters.JUnitReportReporter -->
<testsuite skipped="0" hostname="LAPTOP-9657AS0N" name="test.ApproveChangeOrder" tests="1" failures="0" timestamp="11 三月 2019 14:04:50 GMT" time="43.640" errors="0">
  <testcase name="ApproveCO" time="43.640" classname="test.ApproveChangeOrder"/>
</testsuite> <!-- test.ApproveChangeOrder -->
